INFO :: 2022-08-04 03:03:57,491 -- stateName = register
INFO :: 2022-08-04 03:16:16,918 -- stateName = register
INFO :: 2022-08-04 03:16:20,254 -- your username is too short.

INFO :: 2022-08-04 03:16:35,718 -- Your password is too short.

INFO :: 2022-08-04 03:24:27,571 -- stateName = register
INFO :: 2022-08-04 04:01:47,731 -- stateName = register
INFO :: 2022-08-04 04:01:51,165 -- your username is too short.

INFO :: 2022-08-04 04:02:00,132 -- your username is too short.

INFO :: 2022-08-04 04:02:08,333 -- your username is too long.

INFO :: 2022-08-04 04:02:17,380 -- your username contains 10 invalid characters.
INFO :: 2022-08-04 05:02:36,653 -- stateName = register
INFO :: 2022-08-04 05:03:30,985 -- stateName = register
INFO :: 2022-08-04 05:03:34,718 -- That username is not available.
INFO :: 2022-08-04 05:51:24,056 -- stateName = quit
DEBUG :: 2022-08-04 06:43:44,988 -- stateName = login
INFO :: 2022-08-04 06:44:41,874 -- successful login
INFO :: 2022-08-04 06:44:41,874 -- successful login with credentials ('Daedalus_88', '$uper-Secure64', 'admin').
DEBUG :: 2022-08-04 06:44:47,563 -- stateName = change user role
DEBUG :: 2022-08-04 06:48:52,556 -- stateName = login
INFO :: 2022-08-04 06:49:28,381 -- successful login
INFO :: 2022-08-04 06:49:28,381 -- successful login with credentials ('Daedalus_88', '$uper-Secure64', 'admin').
DEBUG :: 2022-08-04 06:50:10,151 -- stateName = change user role
DEBUG :: 2022-08-04 07:08:31,837 -- stateName = login
INFO :: 2022-08-04 07:08:55,662 -- successful login
INFO :: 2022-08-04 07:08:55,662 -- successful login with credentials ('Daedalus_88', '$uper-Secure64', 'admin').
DEBUG :: 2022-08-04 07:09:04,976 -- stateName = change user role
INFO :: 2022-08-04 07:09:24,672 -- Succesfully updated PaddyLuvr99's role to 'admin'.
DEBUG :: 2022-08-04 08:05:04,879 -- stateName = login
WARNING :: 2022-08-04 08:05:33,433 -- invalid password
INFO :: 2022-08-04 08:05:34,447 -- failed login
WARNING :: 2022-08-04 08:05:51,367 -- invalid username
INFO :: 2022-08-04 08:05:52,382 -- failed login
INFO :: 2022-08-04 08:06:22,855 -- successful login
INFO :: 2022-08-04 08:06:22,855 -- successful login with credentials ('Daedalus_88', '$uper-Secure64', 'admin').
DEBUG :: 2022-08-04 08:06:33,786 -- stateName = logoff
INFO :: 2022-08-04 08:06:33,787 -- Logging off...
DEBUG :: 2022-08-04 11:53:45,209 -- stateName = login
INFO :: 2022-08-04 11:54:02,177 -- successful login
INFO :: 2022-08-04 11:54:02,178 -- successful login with credentials ('Daedalus_88', '$uper-Secure64', 'admin').
DEBUG :: 2022-08-04 11:54:07,586 -- stateName = delete user
INFO :: 2022-08-04 11:54:44,110 -- SUCCESSFULLY deleted document.
INFO :: 2022-08-04 11:54:44,110 -- successfully deleted test_customer's document:
<pymongo.results.DeleteResult object at 0x0000027B2CF13880>.
DEBUG :: 2022-08-04 11:57:14,365 -- stateName = login
WARNING :: 2022-08-04 11:57:27,511 -- invalid password
INFO :: 2022-08-04 11:57:28,526 -- failed login
INFO :: 2022-08-04 11:58:05,798 -- successful login
INFO :: 2022-08-04 11:58:05,798 -- successful login with credentials ('Daedalus_88', '$uper-Secure64', 'admin').
DEBUG :: 2022-08-04 11:58:10,883 -- stateName = delete user
ERROR :: 2022-08-04 11:59:22,559 -- FAILED to delete document.
INFO :: 2022-08-04 11:59:23,578 -- SUCCESSFULLY deleted document.
INFO :: 2022-08-04 11:59:23,578 -- successfully deleted test_customer's document:
<pymongo.results.DeleteResult object at 0x0000021BF63375B0>.
DEBUG :: 2022-08-04 12:01:55,398 -- stateName = login
INFO :: 2022-08-04 12:02:06,623 -- successful login
INFO :: 2022-08-04 12:02:06,623 -- successful login with credentials ('Daedalus_88', '$uper-Secure64', 'admin').
DEBUG :: 2022-08-04 12:02:11,803 -- stateName = delete user
ERROR :: 2022-08-04 12:02:21,979 -- target istest_customer
ERROR :: 2022-08-04 12:02:21,982 -- FAILED to delete document.
INFO :: 2022-08-04 12:02:23,006 -- SUCCESSFULLY deleted document.
INFO :: 2022-08-04 12:02:23,006 -- successfully deleted test_customer's document:
<pymongo.results.DeleteResult object at 0x00000284C27B7850>.
DEBUG :: 2022-08-04 12:07:15,229 -- stateName = login
INFO :: 2022-08-04 12:07:32,045 -- successful login
INFO :: 2022-08-04 12:07:32,046 -- successful login with credentials ('Daedalus_88', '$uper-Secure64', 'admin').
DEBUG :: 2022-08-04 12:07:35,552 -- stateName = delete user
ERROR :: 2022-08-04 12:07:41,043 -- target isTest_Customer
ERROR :: 2022-08-04 12:07:41,045 -- FAILED to delete document.
INFO :: 2022-08-04 12:07:42,066 -- SUCCESSFULLY deleted document.
INFO :: 2022-08-04 12:07:42,066 -- successfully deleted Test_Customer's document:
<pymongo.results.DeleteResult object at 0x0000026FEDEC7790>.
DEBUG :: 2022-08-04 12:13:06,367 -- stateName = login
WARNING :: 2022-08-04 12:13:28,076 -- invalid password
INFO :: 2022-08-04 12:13:29,079 -- failed login
INFO :: 2022-08-04 12:13:47,178 -- successful login
INFO :: 2022-08-04 12:13:47,179 -- successful login with credentials ('Daedalus_88', '$uper-Secure64', 'admin').
DEBUG :: 2022-08-04 12:13:55,606 -- stateName = delete user
ERROR :: 2022-08-04 12:14:02,298 -- target is Test_Customer
ERROR :: 2022-08-04 12:14:02,299 -- user Test_Customer does not exist. Try again.
DEBUG :: 2022-08-04 12:22:19,089 -- stateName = login
INFO :: 2022-08-04 12:22:33,353 -- successful login
INFO :: 2022-08-04 12:22:33,353 -- successful login with credentials ('Daedalus_88', '$uper-Secure64', 'admin').
DEBUG :: 2022-08-04 12:22:36,998 -- stateName = delete user
ERROR :: 2022-08-04 12:22:41,199 -- target is Test_Customer
DEBUG :: 2022-08-04 12:23:50,675 -- stateName = login
INFO :: 2022-08-04 12:24:00,186 -- successful login
INFO :: 2022-08-04 12:24:00,187 -- successful login with credentials ('Daedalus_88', '$uper-Secure64', 'admin').
DEBUG :: 2022-08-04 12:24:03,476 -- stateName = delete user
ERROR :: 2022-08-04 12:24:08,903 -- target is Test_Customer
ERROR :: 2022-08-04 12:24:08,905 -- print count:  1
ERROR :: 2022-08-04 12:24:08,907 -- FAILED to delete document.
INFO :: 2022-08-04 12:24:09,931 -- SUCCESSFULLY deleted document.
INFO :: 2022-08-04 12:24:09,931 -- successfully deleted Test_Customer's document:
<pymongo.results.DeleteResult object at 0x0000011F35703370>.
DEBUG :: 2022-08-04 12:26:47,321 -- stateName = login
INFO :: 2022-08-04 12:27:11,537 -- successful login
INFO :: 2022-08-04 12:27:11,538 -- successful login with credentials ('Daedalus_88', '$uper-Secure64', 'admin').
DEBUG :: 2022-08-04 12:28:17,677 -- stateName = login
INFO :: 2022-08-04 12:28:34,010 -- successful login
INFO :: 2022-08-04 12:28:34,010 -- successful login with credentials ('Daedalus_88', '$uper-Secure64', 'admin').
DEBUG :: 2022-08-04 12:28:37,535 -- stateName = delete user
ERROR :: 2022-08-04 12:29:05,535 -- target is Test_Customer
ERROR :: 2022-08-04 12:29:05,536 -- print count:  1
INFO :: 2022-08-04 12:29:06,550 -- SUCCESSFULLY deleted document.
INFO :: 2022-08-04 12:29:06,550 -- successfully deleted Test_Customer's document:
<pymongo.results.DeleteResult object at 0x000002010B692FE0>.
DEBUG :: 2022-08-04 12:35:42,830 -- stateName = login
INFO :: 2022-08-04 12:35:58,432 -- successful login
INFO :: 2022-08-04 12:35:58,432 -- successful login with credentials ('Test_Self', 'Test_Password1', 'admin').
DEBUG :: 2022-08-04 12:36:02,732 -- stateName = delete user
ERROR :: 2022-08-04 12:36:13,860 -- target is Test_Self
DEBUG :: 2022-08-04 12:36:21,807 -- stateName = delete user
ERROR :: 2022-08-04 12:36:27,204 -- target is Test_User
ERROR :: 2022-08-04 12:36:27,206 -- print count:  0
ERROR :: 2022-08-04 12:36:27,207 -- user Test_User does not exist. Try again.
ERROR :: 2022-08-04 12:36:59,636 -- target is Test_Self
ERROR :: 2022-08-04 12:37:02,029 -- print count:  1
INFO :: 2022-08-04 12:37:03,053 -- SUCCESSFULLY deleted document.
INFO :: 2022-08-04 12:37:03,053 -- successfully deleted Test_Self's document:
<pymongo.results.DeleteResult object at 0x00000169FCCB3AF0>.
DEBUG :: 2022-08-04 12:37:22,826 -- stateName = login
WARNING :: 2022-08-04 12:37:29,581 -- invalid username
INFO :: 2022-08-04 12:37:30,594 -- failed login
DEBUG :: 2022-08-04 14:56:10,857 -- stateName = login
INFO :: 2022-08-04 14:56:24,834 -- successful login
INFO :: 2022-08-04 14:56:24,834 -- successful login with credentials ('Daedalus_88', '$uper-Secure64', 'admin').
DEBUG :: 2022-08-04 14:56:30,458 -- stateName = append mineral
WARNING :: 2022-08-04 14:57:01,783 -- Something went wrong. Try another chemistry formula.
WARNING :: 2022-08-04 15:23:24,962 -- Something went wrong. Try another chemistry formula.
WARNING :: 2022-08-04 15:23:28,289 -- Something went wrong. Try another chemistry formula.
WARNING :: 2022-08-04 15:24:28,921 -- Something went wrong. Try another chemistry formula.
WARNING :: 2022-08-04 15:24:46,265 -- Something went wrong. Try another chemistry formula.
WARNING :: 2022-08-04 15:25:50,553 -- Something went wrong. Try another chemistry formula.
DEBUG :: 2022-08-04 15:26:08,539 -- stateName = login
INFO :: 2022-08-04 15:26:24,188 -- successful login
INFO :: 2022-08-04 15:26:24,188 -- successful login with credentials ('Daedalus_88', '$uper-Secure64', 'admin').
DEBUG :: 2022-08-04 15:26:29,420 -- stateName = append mineral
WARNING :: 2022-08-04 15:26:59,785 -- Something went wrong. Try another country.
DEBUG :: 2022-08-04 15:28:27,199 -- stateName = login
INFO :: 2022-08-04 15:28:42,836 -- successful login
INFO :: 2022-08-04 15:28:42,836 -- successful login with credentials ('Daedalus_88', '$uper-Secure64', 'admin').
DEBUG :: 2022-08-04 15:28:55,131 -- stateName = append mineral
INFO :: 2022-08-04 15:29:42,288 -- SUCCESS: added document {'Name': 'Rockium', 'Chemistry': 'Fe·5', 'Country': 'Xenon', 'Value': 40.69, '_id': ObjectId('62ec48559461b233b9f263f8')} to collection Minerals.
DEBUG :: 2022-08-04 15:29:42,294 -- stateName = append mineral
DEBUG :: 2022-08-04 15:40:08,955 -- stateName = login
INFO :: 2022-08-04 15:40:32,511 -- successful login
INFO :: 2022-08-04 15:40:32,512 -- successful login with credentials ('Daedalus_88', '$uper-Secure64', 'admin').
DEBUG :: 2022-08-04 15:40:53,552 -- stateName = append mineral
WARNING :: 2022-08-04 15:41:07,142 -- Something went wrong. Try another name.
WARNING :: 2022-08-04 15:41:39,966 -- Something went wrong. Try another value.
WARNING :: 2022-08-04 15:41:54,093 -- Something went wrong. Try another value.
WARNING :: 2022-08-04 15:42:23,845 -- Something went wrong. Try another value.
WARNING :: 2022-08-04 15:42:36,525 -- Something went wrong. Try another value.
DEBUG :: 2022-08-04 15:49:38,917 -- stateName = login
INFO :: 2022-08-04 15:50:05,063 -- successful login
INFO :: 2022-08-04 15:50:05,063 -- successful login with credentials ('Daedalus_88', '$uper-Secure64', 'admin').
DEBUG :: 2022-08-04 15:50:13,201 -- stateName = append mineral
WARNING :: 2022-08-04 15:50:36,596 -- Something went wrong. Try another value.
INFO :: 2022-08-04 15:50:55,966 -- SUCCESS: added document {'Name': 'Rockium', 'Chemistry': '3452dfad', 'Country': 'xar arar', 'Value': 424.0, '_id': ObjectId('62ec4d4e7dfd2b597c7896a0')} to collection Minerals.
DEBUG :: 2022-08-04 15:52:32,806 -- stateName = logoff
INFO :: 2022-08-04 15:52:32,807 -- Logging off...
DEBUG :: 2022-08-04 16:59:12,166 -- stateName = login
INFO :: 2022-08-04 16:59:28,136 -- successful login
INFO :: 2022-08-04 16:59:28,137 -- successful login with credentials ('Daedalus_88', '$uper-Secure64', 'admin').
DEBUG :: 2022-08-04 16:59:33,029 -- stateName = delete mineral
DEBUG :: 2022-08-04 17:04:52,841 -- stateName = login
WARNING :: 2022-08-04 17:05:06,040 -- invalid password
INFO :: 2022-08-04 17:05:07,041 -- failed login
INFO :: 2022-08-04 17:05:26,197 -- successful login
INFO :: 2022-08-04 17:05:26,197 -- successful login with credentials ('Daedalus_88', '$uper-Secure64', 'admin').
DEBUG :: 2022-08-04 17:05:30,556 -- stateName = delete mineral
DEBUG :: 2022-08-04 17:08:07,547 -- stateName = login
INFO :: 2022-08-04 17:08:25,422 -- successful login
INFO :: 2022-08-04 17:08:25,423 -- successful login with credentials ('Daedalus_88', '$uper-Secure64', 'admin').
DEBUG :: 2022-08-04 17:08:29,619 -- stateName = delete mineral
DEBUG :: 2022-08-04 17:11:30,178 -- stateName = login
INFO :: 2022-08-04 17:11:50,133 -- successful login
INFO :: 2022-08-04 17:11:50,133 -- successful login with credentials ('Daedalus_88', '$uper-Secure64', 'admin').
DEBUG :: 2022-08-04 17:11:55,843 -- stateName = delete mineral
DEBUG :: 2022-08-04 17:14:30,607 -- stateName = login
INFO :: 2022-08-04 17:14:44,045 -- successful login
INFO :: 2022-08-04 17:14:44,046 -- successful login with credentials ('Daedalus_88', '$uper-Secure64', 'admin').
DEBUG :: 2022-08-04 17:14:46,989 -- stateName = delete mineral
DEBUG :: 2022-08-04 17:15:39,265 -- stateName = delete mineral
DEBUG :: 2022-08-04 17:19:49,733 -- stateName = login
INFO :: 2022-08-04 17:20:07,595 -- successful login
INFO :: 2022-08-04 17:20:07,596 -- successful login with credentials ('Daedalus_88', '$uper-Secure64', 'admin').
DEBUG :: 2022-08-04 17:20:12,792 -- stateName = delete mineral
DEBUG :: 2022-08-04 17:53:11,360 -- stateName = login
INFO :: 2022-08-04 17:53:28,313 -- successful login
INFO :: 2022-08-04 17:53:28,313 -- successful login with credentials ('Daedalus_88', '$uper-Secure64', 'admin').
DEBUG :: 2022-08-04 17:53:34,981 -- stateName = delete mineral
DEBUG :: 2022-08-04 17:56:04,602 -- stateName = login
INFO :: 2022-08-04 17:56:21,634 -- successful login
INFO :: 2022-08-04 17:56:21,635 -- successful login with credentials ('Daedalus_88', '$uper-Secure64', 'admin').
DEBUG :: 2022-08-04 17:56:26,616 -- stateName = delete mineral
INFO :: 2022-08-04 17:56:32,515 -- SUCCESSFULLY deleted document.
DEBUG :: 2022-08-04 17:57:14,593 -- stateName = delete mineral
DEBUG :: 2022-08-05 03:10:13,204 -- stateName = login
DEBUG :: 2022-08-05 03:10:39,047 -- stateName = register
INFO :: 2022-08-05 03:11:14,510 -- SUCCESS: added document {'role': 'customer', 'username': 'Test_User', 'password': 'Test_Password1', 'nameF': 'Test', 'nameL': 'User', 'email': 'testuser@revature.net', 'wallet': 0, '_id': ObjectId('62ececc11b956420dbf4a615')} to collection Users.
DEBUG :: 2022-08-05 03:11:14,512 -- {'_id': ObjectId('62ececc11b956420dbf4a615'), 'role': 'customer', 'username': 'Test_User', 'password': 'Test_Password1', 'nameF': 'Test', 'nameL': 'User', 'email': 'testuser@revature.net', 'wallet': 0}
DEBUG :: 2022-08-05 03:36:40,946 -- stateName = login
INFO :: 2022-08-05 03:36:56,135 -- successful login
INFO :: 2022-08-05 03:36:56,136 -- successful login with credentials ('PaddyLuvr99', 'Gary_1999', 'customer').
DEBUG :: 2022-08-05 03:41:13,213 -- stateName = login
INFO :: 2022-08-05 03:41:23,536 -- successful login
INFO :: 2022-08-05 03:41:23,536 -- successful login with credentials ('PaddyLuvr99', 'Gary_1999', 'customer').
DEBUG :: 2022-08-05 03:41:30,291 -- stateName = buy
DEBUG :: 2022-08-05 03:54:11,250 -- stateName = login
INFO :: 2022-08-05 03:54:23,589 -- successful login
INFO :: 2022-08-05 03:54:23,589 -- successful login with credentials ('PaddyLuvr99', 'Gary_1999', 'customer').
DEBUG :: 2022-08-05 03:54:28,307 -- stateName = buy
DEBUG :: 2022-08-05 03:55:20,139 -- stateName = login
INFO :: 2022-08-05 03:55:29,586 -- successful login
INFO :: 2022-08-05 03:55:29,586 -- successful login with credentials ('PaddyLuvr99', 'Gary_1999', 'customer').
DEBUG :: 2022-08-05 03:55:34,158 -- stateName = buy
DEBUG :: 2022-08-05 03:57:40,237 -- stateName = login
INFO :: 2022-08-05 03:57:57,267 -- successful login
INFO :: 2022-08-05 03:57:57,268 -- successful login with credentials ('PaddyLuvr99', 'Gary_1999', 'customer').
DEBUG :: 2022-08-05 03:58:01,078 -- stateName = buy
DEBUG :: 2022-08-05 04:00:38,550 -- stateName = login
INFO :: 2022-08-05 04:00:50,295 -- successful login
INFO :: 2022-08-05 04:00:50,295 -- successful login with credentials ('PaddyLuvr99', 'Gary_1999', 'customer').
DEBUG :: 2022-08-05 04:00:54,669 -- stateName = buy
DEBUG :: 2022-08-05 04:00:56,834 -- 62e9fc516401552a991f74e6
DEBUG :: 2022-08-05 04:28:56,048 -- stateName = login
INFO :: 2022-08-05 04:29:07,997 -- successful login
INFO :: 2022-08-05 04:29:07,997 -- successful login with credentials ('PaddyLuvr99', 'Gary_1999', 'customer').
DEBUG :: 2022-08-05 04:29:12,475 -- stateName = buy
DEBUG :: 2022-08-05 04:30:04,719 -- stateName = login
INFO :: 2022-08-05 04:30:17,885 -- successful login
INFO :: 2022-08-05 04:30:17,885 -- successful login with credentials ('PaddyLuvr99', 'Gary_1999', 'customer').
DEBUG :: 2022-08-05 04:30:22,054 -- stateName = buy
DEBUG :: 2022-08-05 04:30:33,143 -- Abelsonite
DEBUG :: 2022-08-05 04:32:17,104 -- stateName = login
INFO :: 2022-08-05 04:32:23,774 -- successful login
INFO :: 2022-08-05 04:32:23,774 -- successful login with credentials ('PaddyLuvr99', 'Gary_1999', 'customer').
DEBUG :: 2022-08-05 04:32:28,076 -- stateName = buy
DEBUG :: 2022-08-05 04:32:45,087 -- Abelsonite
DEBUG :: 2022-08-05 05:04:13,241 -- stateName = login
WARNING :: 2022-08-05 05:04:26,542 -- invalid password
INFO :: 2022-08-05 05:04:27,547 -- failed login
WARNING :: 2022-08-05 05:05:11,988 -- invalid password
INFO :: 2022-08-05 05:05:12,990 -- failed login
WARNING :: 2022-08-05 05:05:23,291 -- invalid password
INFO :: 2022-08-05 05:05:24,304 -- failed login
INFO :: 2022-08-05 05:05:36,899 -- successful login
INFO :: 2022-08-05 05:05:36,900 -- successful login with credentials ('Test_User', 'Test_Password1', 'customer').
DEBUG :: 2022-08-05 05:05:44,865 -- stateName = buy
INFO :: 2022-08-05 05:06:26,235 -- Buying Abel the Abenakiite-(Ce) for $24.16.
DEBUG :: 2022-08-05 05:07:14,798 -- stateName = login
INFO :: 2022-08-05 05:07:26,045 -- successful login
INFO :: 2022-08-05 05:07:26,046 -- successful login with credentials ('Test_User', 'Test_Password1', 'customer').
DEBUG :: 2022-08-05 05:07:35,778 -- stateName = buy
INFO :: 2022-08-05 05:08:00,806 -- Buying Abel the Abelsonite for $859.80.
DEBUG :: 2022-08-05 05:09:25,018 -- stateName = login
INFO :: 2022-08-05 05:09:31,149 -- successful login
INFO :: 2022-08-05 05:09:31,150 -- successful login with credentials ('Test_User', 'Test_Password1', 'customer').
DEBUG :: 2022-08-05 05:09:36,904 -- stateName = buy
INFO :: 2022-08-05 05:10:05,554 -- Buying Abel the Abelsonite for $859.80.
DEBUG :: 2022-08-05 05:10:06,576 -- {'_id': ObjectId('62ececc11b956420dbf4a615'), 'role': 'customer', 'username': 'Test_User', 'password': 'Test_Password1', 'nameF': 'Test', 'nameL': 'User', 'email': 'testuser@revature.net', 'wallet': 0, 'transactions': {}}
INFO :: 2022-08-05 05:10:06,584 -- Your wallet balance is now 0. Have a rocky day!
DEBUG :: 2022-08-05 05:11:45,341 -- stateName = login
WARNING :: 2022-08-05 05:11:54,789 -- invalid password
INFO :: 2022-08-05 05:11:55,795 -- failed login
WARNING :: 2022-08-05 05:12:04,475 -- invalid password
INFO :: 2022-08-05 05:12:05,476 -- failed login
INFO :: 2022-08-05 05:12:13,618 -- successful login
INFO :: 2022-08-05 05:12:13,619 -- successful login with credentials ('Test_User', 'Test_Password1', 'customer').
DEBUG :: 2022-08-05 05:12:20,681 -- stateName = buy
INFO :: 2022-08-05 05:12:35,124 -- Buying Abel the Abellaite for $843.50.
DEBUG :: 2022-08-05 05:12:36,150 -- {'_id': ObjectId('62ececc11b956420dbf4a615'), 'role': 'customer', 'username': 'Test_User', 'password': 'Test_Password1', 'nameF': 'Test', 'nameL': 'User', 'email': 'testuser@revature.net', 'wallet': 0, 'transactions': {}, 'Wallet': -859.8}
INFO :: 2022-08-05 05:12:36,151 -- Your wallet balance is now 0. Have a rocky day!
DEBUG :: 2022-08-05 05:12:36,668 -- {'_id': ObjectId('62ececc11b956420dbf4a615'), 'role': 'customer', 'username': 'Test_User', 'password': 'Test_Password1', 'nameF': 'Test', 'nameL': 'User', 'email': 'testuser@revature.net', 'wallet': 0, 'transactions': {}, 'Wallet': -843.5}
DEBUG :: 2022-08-05 05:19:36,229 -- stateName = login
INFO :: 2022-08-05 05:19:44,987 -- successful login
INFO :: 2022-08-05 05:19:44,987 -- successful login with credentials ('Test_User', 'Test_Password1', 'customer').
DEBUG :: 2022-08-05 05:20:01,236 -- stateName = buy
DEBUG :: 2022-08-05 05:20:20,233 -- 95.45
DEBUG :: 2022-08-05 05:31:01,789 -- stateName = login
INFO :: 2022-08-05 05:31:15,064 -- successful login
INFO :: 2022-08-05 05:31:15,065 -- successful login with credentials ('Test_User', 'Test_Password1', 'customer').
DEBUG :: 2022-08-05 05:31:19,275 -- stateName = buy
DEBUG :: 2022-08-05 05:31:52,911 -- stateName = login
INFO :: 2022-08-05 05:32:05,078 -- successful login
INFO :: 2022-08-05 05:32:05,078 -- successful login with credentials ('Test_User', 'Test_Password1', 'customer').
DEBUG :: 2022-08-05 05:32:08,105 -- stateName = buy
INFO :: 2022-08-05 05:32:15,485 -- index out of range. Please choose an index in range.
DEBUG :: 2022-08-05 05:33:10,537 -- stateName = login
INFO :: 2022-08-05 05:33:21,215 -- successful login
INFO :: 2022-08-05 05:33:21,216 -- successful login with credentials ('Test_User', 'Test_Password1', 'customer').
DEBUG :: 2022-08-05 05:33:24,115 -- stateName = buy
INFO :: 2022-08-05 05:33:25,133 -- index out of range. Please choose an index in range.
INFO :: 2022-08-05 05:33:33,036 -- index out of range. Please choose an index in range.
DEBUG :: 2022-08-05 05:35:08,493 -- stateName = login
DEBUG :: 2022-08-05 05:35:20,476 -- stateName = login
WARNING :: 2022-08-05 05:35:28,696 -- invalid password
INFO :: 2022-08-05 05:35:29,704 -- failed login
INFO :: 2022-08-05 05:35:38,629 -- successful login
INFO :: 2022-08-05 05:35:38,630 -- successful login with credentials ('Test_User', 'Test_Password1', 'customer').
DEBUG :: 2022-08-05 05:35:43,403 -- stateName = buy
DEBUG :: 2022-08-05 05:35:46,534 -- 859.8
INFO :: 2022-08-05 05:35:59,843 -- Buying Abel the Abelsonite for $859.80.
DEBUG :: 2022-08-05 05:36:00,859 -- <class 'int'>
DEBUG :: 2022-08-05 05:36:00,871 -- {'_id': ObjectId('62ececc11b956420dbf4a615'), 'role': 'customer', 'username': 'Test_User', 'password': 'Test_Password1', 'nameF': 'Test', 'nameL': 'User', 'email': 'testuser@revature.net', 'wallet': 0, 'transactions': {}}
INFO :: 2022-08-05 05:36:00,873 -- Your wallet balance is now -859.8. Have a rocky day!
DEBUG :: 2022-08-05 05:36:01,388 -- {'_id': ObjectId('62ececc11b956420dbf4a615'), 'role': 'customer', 'username': 'Test_User', 'password': 'Test_Password1', 'nameF': 'Test', 'nameL': 'User', 'email': 'testuser@revature.net', 'wallet': -859.8, 'transactions': {}}
DEBUG :: 2022-08-05 05:54:20,910 -- stateName = login
WARNING :: 2022-08-05 05:54:32,878 -- invalid password
INFO :: 2022-08-05 05:54:33,886 -- failed login
INFO :: 2022-08-05 05:54:42,001 -- successful login
INFO :: 2022-08-05 05:54:42,002 -- successful login with credentials ('Test_User', 'Test_Password1', 'customer').
DEBUG :: 2022-08-05 05:54:55,844 -- stateName = buy
DEBUG :: 2022-08-05 05:58:35,845 -- stateName = login
INFO :: 2022-08-05 05:58:43,652 -- successful login
INFO :: 2022-08-05 05:58:43,652 -- successful login with credentials ('Test_User', 'Test_Password1', 'customer').
DEBUG :: 2022-08-05 05:58:47,131 -- stateName = buy
DEBUG :: 2022-08-05 06:00:04,920 -- stateName = login
INFO :: 2022-08-05 06:00:20,535 -- successful login
INFO :: 2022-08-05 06:00:20,536 -- successful login with credentials ('Test_User', 'Test_Password1', 'customer').
DEBUG :: 2022-08-05 06:00:23,914 -- stateName = buy
